<?xml version="1.0" encoding="UTF-8"?>
<testng-results ignored="0" total="1" passed="1" failed="0" skipped="0">
  <reporter-output>
  </reporter-output>
  <suite started-at="2025-08-25T21:28:55 IST" name="test" finished-at="2025-08-25T21:29:00 IST" duration-ms="5645">
    <groups>
    </groups>
    <test started-at="2025-08-25T21:28:55 IST" name="test" finished-at="2025-08-25T21:29:00 IST" duration-ms="5645">
      <class name="Jenkins_package.NewTest">
        <test-method signature="f()[pri:0, instance:Jenkins_package.NewTest@399c4be1]" started-at="2025-08-25T21:28:55 IST" name="f" finished-at="2025-08-25T21:29:00 IST" duration-ms="5550" status="PASS">
          <reporter-output>
          </reporter-output>
        </test-method> <!-- f -->
      </class> <!-- Jenkins_package.NewTest -->
    </test> <!-- test -->
  </suite> <!-- test -->
</testng-results>
